<?xml version="1.0" encoding="UTF-8"?>
<testng-results ignored="0" total="2" passed="2" failed="0" skipped="0">
  <reporter-output>
  </reporter-output>
  <suite started-at="2023-07-09T17:48:47 IST" name="Default suite" finished-at="2023-07-09T17:48:47 IST" duration-ms="51">
    <groups>
    </groups>
    <test started-at="2023-07-09T17:48:47 IST" name="Default test" finished-at="2023-07-09T17:48:47 IST" duration-ms="51">
      <class name="testing.RESTAPITest">
        <test-method signature="deleteTwitter()[pri:0, instance:testing.RESTAPITest@12e61fe6]" started-at="2023-07-09T17:48:47 IST" name="deleteTwitter" finished-at="2023-07-09T17:48:47 IST" duration-ms="8" status="PASS">
          <reporter-output>
          </reporter-output>
        </test-method> <!-- deleteTwitter -->
        <test-method signature="postJira()[pri:0, instance:testing.RESTAPITest@12e61fe6]" started-at="2023-07-09T17:48:47 IST" name="postJira" finished-at="2023-07-09T17:48:47 IST" duration-ms="1" status="PASS">
          <reporter-output>
          </reporter-output>
        </test-method> <!-- postJira -->
      </class> <!-- testing.RESTAPITest -->
    </test> <!-- Default test -->
  </suite> <!-- Default suite -->
</testng-results>
